Arguments: 
  C:\Program Files\nodejs\node.exe C:\Program Files\nodejs\node_modules\yarn\bin\yarn.js add remote-ftp

PATH: 
  C:\home\bin\cmder_mini\bin;C:\home\bin\cmder_mini\vendor\bin;C:\home\bin\cmder_mini\vendor\conemu-maximus5\ConEmu\Scripts;C:\home\bin\cmder_mini\vendor\conemu-maximus5;C:\home\bin\cmder_mini\vendor\conemu-maximus5\ConEmu;C:\Windows\system32;C:\Windows;C:\Windows\System32\Wbem;C:\Windows\System32\WindowsPowerShell\v1.0\;C:\Windows\System32\OpenSSH\;C:\Program Files\TortoiseGit\bin;C:\Users\u1\AppData\Roaming\nvm;C:\Program Files\nodejs;C:\home\bin\pleiades\xampp\php;C:\ProgramData\ComposerSetup\bin;C:\home\bin\ffmpeg\bin;C:\Program Files (x86)\WinSCP\;C:\home\bin\Vagrant\bin;C:\Program Files\Git\cmd;C:\Users\u1\AppData\Local\Microsoft\WindowsApps;C:\Users\u1\AppData\Roaming\nvm;C:\Program Files\nodejs;C:\Users\u1\AppData\Local\atom\bin;C:\Users\u1\AppData\Local\Programs\Microsoft VS Code\bin;C:\Users\u1\AppData\Roaming\Composer\vendor\bin;C:\Program Files\Git\cmd;C:\Program Files\Git\mingw64\bin;C:\Program Files\Git\usr\bin;C:\home\bin\cmder_mini

Yarn version: 
  1.21.1

Node version: 
  13.3.0

Platform: 
  win32 x64

Trace: 
  Error: https://registry.yarnpkg.com/remote-ftp: Not found
      at Request.params.callback [as _callback] (C:\Users\u1\AppData\Roaming\nvm\v13.3.0\node_modules\yarn\lib\cli.js:66947:18)
      at Request.self.callback (C:\Users\u1\AppData\Roaming\nvm\v13.3.0\node_modules\yarn\lib\cli.js:140665:22)
      at Request.emit (events.js:219:5)
      at Request.<anonymous> (C:\Users\u1\AppData\Roaming\nvm\v13.3.0\node_modules\yarn\lib\cli.js:141637:10)
      at Request.emit (events.js:219:5)
      at IncomingMessage.<anonymous> (C:\Users\u1\AppData\Roaming\nvm\v13.3.0\node_modules\yarn\lib\cli.js:141559:12)
      at Object.onceWrapper (events.js:308:28)
      at IncomingMessage.emit (events.js:224:7)
      at endReadableNT (_stream_readable.js:1206:12)
      at processTicksAndRejections (internal/process/task_queues.js:84:21)

npm manifest: 
  {
    "name": "d1",
    "main": "./lib/d1",
    "version": "0.3.1",
    "description": "*** my example ***",
    "keywords": [],
    "activationCommands": {
      "atom-workspace": "d1:toggle"
    },
    "repository": "https://github.com/tokunaga1/d1.git",
    "license": "MIT",
    "engines": {
      "atom": ">=1.0.0 <2.0.0"
    },
    "dependencies": {
      "atom-package-deps": "^5.1.0"
    },
    "deserializers": {
      "d1-view/D1View": "deserializeD1View"
    },
    "package-deps": [
    ]
  }

yarn manifest: 
  No manifest

Lockfile: 
  # THIS IS AN AUTOGENERATED FILE. DO NOT EDIT THIS FILE DIRECTLY.
  # yarn lockfile v1
  
  
  atom-package-deps@^5.1.0:
    version "5.1.0"
    resolved "https://registry.yarnpkg.com/atom-package-deps/-/atom-package-deps-5.1.0.tgz#be493f783d9c0a8b5b7f2c4ab0ddcc778035f878"
    integrity sha512-RGktH8NSFBJ5rdwuta3M7DbFdDr1EgrXo7uW7DQR/+lWJZcrfH2yxobnSdb/g1JM1tTvLyRYmZYOeRJGqQ9UGw==
    dependencies:
      sb-fs "^4.0.0"
      semver "^6.0.0"
  
  is-utf8@^0.2.1:
    version "0.2.1"
    resolved "https://registry.yarnpkg.com/is-utf8/-/is-utf8-0.2.1.tgz#4b0da1442104d1b336340e80797e865cf39f7d72"
    integrity sha1-Sw2hRCEE0bM2NA6AeX6GXPOffXI=
  
  sb-fs@^4.0.0:
    version "4.0.0"
    resolved "https://registry.yarnpkg.com/sb-fs/-/sb-fs-4.0.0.tgz#b84ca0045f09d4643304113d4e0543b508a56f73"
    integrity sha512-UjjIHC4uahPWvKYqgknvFCCJ11S0oDahz+nsmyTCAmARKto31aoE+Lu7GGGK0nogengJEKGzFdh46ho5+IL88Q==
    dependencies:
      strip-bom-buf "^1.0.0"
  
  semver@^6.0.0:
    version "6.3.0"
    resolved "https://registry.yarnpkg.com/semver/-/semver-6.3.0.tgz#ee0a64c8af5e8ceea67687b133761e1becbd1d3d"
    integrity sha512-b39TBaTSfV6yBrapU89p5fKekE2m/NwnDocOVruQFS1/veMgdzuPcnOM34M6CwxW8jH/lxEa5rBoDeUwu5HHTw==
  
  strip-bom-buf@^1.0.0:
    version "1.0.0"
    resolved "https://registry.yarnpkg.com/strip-bom-buf/-/strip-bom-buf-1.0.0.tgz#1cb45aaf57530f4caf86c7f75179d2c9a51dd572"
    integrity sha1-HLRar1dTD0yvhsf3UXnSyaUd1XI=
    dependencies:
      is-utf8 "^0.2.1"
